This is e-pTeX, Version 3.14159265-p3.8.2-190709-2.6 (utf8.sjis) (TeX Live 2019/W32TeX) (preloaded format=platex 2019.7.20)  15 JAN 2022 15:12
entering extended mode
 restricted \write18 enabled.
 %&-line parsing enabled.
**paper.tex
(./paper.tex
pLaTeX2e <2019-04-06> (based on LaTeX2e <2018-12-01>)
(d:/share/texmf-dist/tex/platex/jsclasses/jsarticle.cls
Document Class: jsarticle 2019/07/25 jsclasses (okumura, texjporg)
\jsc@mpt=\dimen118
\jsc@mmm=\dimen119
\jsc@smallskipamount=\skip41
LaTeX Info: Redefining \rmfamily on input line 466.
LaTeX Info: Redefining \sffamily on input line 469.
LaTeX Info: Redefining \ttfamily on input line 472.
LaTeX Info: Redefining \textmc on input line 476.
LaTeX Info: Redefining \textgt on input line 478.
\symmincho=\mathgroup4
LaTeX Font Info:    Overwriting symbol font `mincho' in version `bold'
(Font)                  JY1/mc/m/n --> JY1/gt/m/n on input line 540.
LaTeX Font Info:    Font shape `JT1/mc/m/n' will be
(Font)              scaled to size 9.60999pt on input line 731.
LaTeX Font Info:    Font shape `JY1/mc/m/n' will be
(Font)              scaled to size 9.60999pt on input line 731.
\fullwidth=\dimen120
LaTeX Font Info:    Font shape `JT1/mc/m/n' will be
(Font)              scaled to size 7.68799pt on input line 884.
LaTeX Font Info:    Font shape `JY1/mc/m/n' will be
(Font)              scaled to size 7.68799pt on input line 884.
\c@part=\count83
\c@section=\count84
\c@subsection=\count85
\c@subsubsection=\count86
\c@paragraph=\count87
\c@subparagraph=\count88
\@abstractbox=\box43
\c@figure=\count89
\c@table=\count90
\abovecaptionskip=\skip42
\belowcaptionskip=\skip43
\jsc@tocl@width=\dimen121
\@lnumwidth=\dimen122
\bibindent=\dimen123
(d:/share/texmf-dist/tex/platex/jsclasses/jslogo.sty
Package: jslogo 2019/07/25 okumura, texjporg
LaTeX Info: Redefining \TeX on input line 94.
LaTeX Info: Redefining \LaTeX on input line 147.
LaTeX Info: Redefining \LaTeXe on input line 200.
)
\heisei=\count91
)
(d:/share/texmf-dist/tex/latex/geometry/geometry.sty
Package: geometry 2018/04/16 v5.8 Page Geometry

(d:/share/texmf-dist/tex/latex/graphics/keyval.sty
Package: keyval 2014/10/28 v1.15 key=value parser (DPC)
\KV@toks@=\toks15
)
(d:/share/texmf-dist/tex/generic/oberdiek/ifpdf.sty
Package: ifpdf 2018/09/07 v3.3 Provides the ifpdf switch
)
(d:/share/texmf-dist/tex/generic/oberdiek/ifvtex.sty
Package: ifvtex 2016/05/16 v1.6 Detect VTeX and its facilities (HO)
Package ifvtex Info: VTeX not detected.
)
(d:/share/texmf-dist/tex/generic/ifxetex/ifxetex.sty
Package: ifxetex 2010/09/12 v0.6 Provides ifxetex conditional
)
\Gm@cnth=\count92
\Gm@cntv=\count93
\c@Gm@tempcnt=\count94
\Gm@bindingoffset=\dimen124
\Gm@wd@mp=\dimen125
\Gm@odd@mp=\dimen126
\Gm@even@mp=\dimen127
\Gm@layoutwidth=\dimen128
\Gm@layoutheight=\dimen129
\Gm@layouthoffset=\dimen130
\Gm@layoutvoffset=\dimen131
\Gm@dimlist=\toks16

(d:/share/texmf-dist/tex/latex/geometry/geometry.cfg))
(d:/share/texmf-dist/tex/latex/graphics/graphicx.sty
Package: graphicx 2017/06/01 v1.1a Enhanced LaTeX Graphics (DPC,SPQR)

(d:/share/texmf-dist/tex/latex/graphics/graphics.sty
Package: graphics 2017/06/25 v1.2c Standard LaTeX Graphics (DPC,SPQR)

(d:/share/texmf-dist/tex/latex/graphics/trig.sty
Package: trig 2016/01/03 v1.10 sin cos tan (DPC)
)
(d:/share/texmf-dist/tex/latex/graphics-cfg/graphics.cfg
File: graphics.cfg 2016/06/04 v1.11 sample graphics configuration
)
Package graphics Info: Driver file: dvipdfmx.def on input line 99.

(d:/share/texmf-dist/tex/latex/graphics-def/dvipdfmx.def
File: dvipdfmx.def 2017/06/24 v5.0g Graphics/color driver for dvipdfmx
))
\Gin@req@height=\dimen132
\Gin@req@width=\dimen133
) (./mediabb.sty
Package: mediabb 2006/10/26 v1.9 iNOUE Koich! <inoue@ma.ns.musashi-tech.ac.jp>
)
(d:/share/texmf-dist/tex/latex/tools/bm.sty
Package: bm 2017/01/16 v1.2c Bold Symbol Support (DPC/FMi)
\symboldoperators=\mathgroup5
\symboldletters=\mathgroup6
\symboldsymbols=\mathgroup7
\symboldmincho=\mathgroup8
LaTeX Font Info:    Redeclaring math alphabet \mathbf on input line 141.
LaTeX Info: Redefining \bm on input line 207.
)
(d:/share/texmf-dist/tex/latex/comment/comment.sty
\CommentStream=\write3
 Excluding comment 'comment') (d:/share/texmf-dist/tex/latex/amsmath/amsmath.st
y
Package: amsmath 2018/12/01 v2.17b AMS math features
\@mathmargin=\skip44

For additional information on amsmath, use the `?' option.
(d:/share/texmf-dist/tex/latex/amsmath/amstext.sty
Package: amstext 2000/06/29 v2.01 AMS text

(d:/share/texmf-dist/tex/latex/amsmath/amsgen.sty
File: amsgen.sty 1999/11/30 v2.0 generic functions
\@emptytoks=\toks17
\ex@=\dimen134
))
(d:/share/texmf-dist/tex/latex/amsmath/amsbsy.sty
Package: amsbsy 1999/11/29 v1.2d Bold Symbols
LaTeX Info: Redefining \boldsymbol on input line 28.
\pmbraise@=\dimen135
)
(d:/share/texmf-dist/tex/latex/amsmath/amsopn.sty
Package: amsopn 2016/03/08 v2.02 operator names
)
\inf@bad=\count95
LaTeX Info: Redefining \frac on input line 223.
\uproot@=\count96
\leftroot@=\count97
LaTeX Info: Redefining \overline on input line 385.
\classnum@=\count98
\DOTSCASE@=\count99
LaTeX Info: Redefining \ldots on input line 482.
LaTeX Info: Redefining \dots on input line 485.
LaTeX Info: Redefining \cdots on input line 606.
\Mathstrutbox@=\box44
\strutbox@=\box45
\big@size=\dimen136
LaTeX Font Info:    Redeclaring font encoding OML on input line 729.
LaTeX Font Info:    Redeclaring font encoding OMS on input line 730.
\macc@depth=\count100
\c@MaxMatrixCols=\count101
\dotsspace@=\muskip10
\c@parentequation=\count102
\dspbrk@lvl=\count103
\tag@help=\toks18
\row@=\count104
\column@=\count105
\maxfields@=\count106
\andhelp@=\toks19
\eqnshift@=\dimen137
\alignsep@=\dimen138
\tagshift@=\dimen139
\tagwidth@=\dimen140
\totwidth@=\dimen141
\lineht@=\dimen142
\@envbody=\toks20
\multlinegap=\skip45
\multlinetaggap=\skip46
\mathdisplay@stack=\toks21
LaTeX Info: Redefining \[ on input line 2844.
LaTeX Info: Redefining \] on input line 2845.
)
(d:/share/texmf-dist/tex/latex/amsfonts/amssymb.sty
Package: amssymb 2013/01/14 v3.01 AMS font symbols

(d:/share/texmf-dist/tex/latex/amsfonts/amsfonts.sty
Package: amsfonts 2013/01/14 v3.01 Basic AMSFonts support
\symAMSa=\mathgroup9
\symAMSb=\mathgroup10
LaTeX Font Info:    Overwriting math alphabet `\mathfrak' in version `bold'
(Font)                  U/euf/m/n --> U/euf/b/n on input line 106.
)) (./paper.aux)
\openout1 = `paper.aux'.

LaTeX Font Info:    Checking defaults for OML/cmm/m/it on input line 17.
LaTeX Font Info:    ... okay on input line 17.
LaTeX Font Info:    Checking defaults for T1/cmr/m/n on input line 17.
LaTeX Font Info:    ... okay on input line 17.
LaTeX Font Info:    Checking defaults for OT1/cmr/m/n on input line 17.
LaTeX Font Info:    ... okay on input line 17.
LaTeX Font Info:    Checking defaults for OMS/cmsy/m/n on input line 17.
LaTeX Font Info:    ... okay on input line 17.
LaTeX Font Info:    Checking defaults for OMX/cmex/m/n on input line 17.
LaTeX Font Info:    ... okay on input line 17.
LaTeX Font Info:    Checking defaults for U/cmr/m/n on input line 17.
LaTeX Font Info:    ... okay on input line 17.
LaTeX Font Info:    Checking defaults for JY1/mc/m/n on input line 17.
LaTeX Font Info:    ... okay on input line 17.
LaTeX Font Info:    Checking defaults for JT1/mc/m/n on input line 17.
LaTeX Font Info:    ... okay on input line 17.

*geometry* driver: auto-detecting
*geometry* detected driver: dvips
*geometry* verbose mode - [ preamble ] result:
* driver: dvips
* paper: <default>
* layout: <same size as paper>
* layoutoffset:(h,v)=(0.0pt,0.0pt)
* modes: 
* h-part:(L,W,R)=(25.60747pt, 546.29294pt, 25.60747pt)
* v-part:(T,H,B)=(18.77882pt, 783.5889pt, 42.67912pt)
* \paperwidth=597.50787pt
* \paperheight=845.04684pt
* \textwidth=546.29294pt
* \textheight=783.5889pt
* \oddsidemargin=-46.66252pt
* \evensidemargin=-46.66252pt
* \topmargin=-89.18835pt
* \headheight=20.0pt
* \headsep=15.69719pt
* \topskip=12.76073pt
* \footskip=28.45792pt
* \marginparwidth=27.74062pt
* \marginparsep=18.49374pt
* \columnsep=18.49374pt
* \skip\footins=16.0pt plus 5.0pt minus 2.0pt
* \hoffset=0.0pt
* \voffset=0.0pt
* \mag=1000
* \@twocolumntrue
* \@twosidefalse
* \@mparswitchfalse
* \@reversemarginfalse
* (1in=72.27pt=25.4mm, 1cm=28.453pt)

LaTeX Font Info:    Font shape `JT1/mc/m/n' will be
(Font)              scaled to size 16.60605pt on input line 18.
LaTeX Font Info:    Font shape `JY1/mc/m/n' will be
(Font)              scaled to size 16.60605pt on input line 18.
LaTeX Font Info:    Font shape `JT1/mc/m/n' will be
(Font)              scaled to size 11.53198pt on input line 18.
LaTeX Font Info:    Font shape `JY1/mc/m/n' will be
(Font)              scaled to size 11.53198pt on input line 18.
LaTeX Font Info:    Font shape `JY1/mc/m/n' will be
(Font)              scaled to size 5.76599pt on input line 18.
LaTeX Font Info:    Font shape `JY1/gt/m/n' will be
(Font)              scaled to size 11.53198pt on input line 18.
LaTeX Font Info:    Font shape `JY1/gt/m/n' will be
(Font)              scaled to size 7.68799pt on input line 18.
LaTeX Font Info:    Font shape `JY1/gt/m/n' will be
(Font)              scaled to size 5.76599pt on input line 18.
LaTeX Font Info:    Try loading font information for U+msa on input line 18.
(d:/share/texmf-dist/tex/latex/amsfonts/umsa.fd
File: umsa.fd 2013/01/14 v3.01 AMS symbols A
)
LaTeX Font Info:    Try loading font information for U+msb on input line 18.

(d:/share/texmf-dist/tex/latex/amsfonts/umsb.fd
File: umsb.fd 2013/01/14 v3.01 AMS symbols B
)
LaTeX Font Info:    Font shape `JT1/gt/m/n' will be
(Font)              scaled to size 11.53198pt on input line 21.
LaTeX Font Info:    Font shape `JT1/gt/m/n' will be
(Font)              scaled to size 9.60999pt on input line 37.
LaTeX Font Info:    Font shape `JY1/gt/m/n' will be
(Font)              scaled to size 9.60999pt on input line 37.
LaTeX Font Info:    Font shape `JY1/mc/m/n' will be
(Font)              scaled to size 6.72699pt on input line 39.
LaTeX Font Info:    Font shape `JY1/mc/m/n' will be
(Font)              scaled to size 4.805pt on input line 39.
LaTeX Font Info:    Font shape `JY1/gt/m/n' will be
(Font)              scaled to size 6.72699pt on input line 39.
LaTeX Font Info:    Font shape `JY1/gt/m/n' will be
(Font)              scaled to size 4.805pt on input line 39.
LaTeX Font Info:    Font shape `JT1/mc/m/n' will be
(Font)              scaled to size 6.72699pt on input line 56.
LaTeX Font Info:    Font shape `JT1/mc/m/n' will be
(Font)              scaled to size 4.805pt on input line 56.
File: example1.pdf Graphic file (type pdf)
<example1.pdf>
LaTeX Font Info:    Font shape `JT1/mc/m/n' will be
(Font)              scaled to size 8.64899pt on input line 87.
LaTeX Font Info:    Font shape `JY1/mc/m/n' will be
(Font)              scaled to size 8.64899pt on input line 87.
LaTeX Font Info:    Font shape `JY1/gt/m/n' will be
(Font)              scaled to size 8.64899pt on input line 87.
 [1


]
File: example2.pdf Graphic file (type pdf)
<example2.pdf>

Overfull \hbox (6.3882pt too wide) in paragraph at lines 137--139
 [][] 
 []

Excluding 'comment' comment. Excluding 'comment' comment.
Excluding 'comment' comment.
LaTeX Font Info:    Font shape `JT1/mc/bx/n' in size <10> not available
(Font)              Font shape `JT1/gt/m/n' tried instead on input line 215.
LaTeX Font Info:    Font shape `JT1/gt/m/n' will be
(Font)              scaled to size 9.60999pt on input line 215.
LaTeX Font Info:    Font shape `JY1/mc/bx/n' in size <10> not available
(Font)              Font shape `JY1/gt/m/n' tried instead on input line 215.
LaTeX Font Info:    Font shape `JY1/gt/m/n' will be
(Font)              scaled to size 9.60999pt on input line 215.

Overfull \hbox (2.12863pt too wide) in paragraph at lines 210--218
[][][][] 
 []

LaTeX Font Info:    Font shape `JT1/mc/m/it' in size <10> not available
(Font)              Font shape `JT1/mc/m/n' tried instead on input line 240.
LaTeX Font Info:    Font shape `JT1/mc/m/n' will be
(Font)              scaled to size 9.60999pt on input line 240.
LaTeX Font Info:    Font shape `JY1/mc/m/it' in size <10> not available
(Font)              Font shape `JY1/mc/m/n' tried instead on input line 240.
LaTeX Font Info:    Font shape `JY1/mc/m/n' will be
(Font)              scaled to size 9.60999pt on input line 240.

Underfull \hbox (badness 1028) in paragraph at lines 262--266
\OT1/cmr/m/n/10 jump-ing knowl-edge net-works, \OT1/cmr/m/it/10 ICML\OT1/cmr/m/
n/10 , pp. 5453--5462.
 []

[2] (./paper.aux) ) 
Here is how much of TeX's memory you used:
 2454 strings out of 493215
 29667 string characters out of 6145920
 118093 words of memory out of 5000000
 6405 multiletter control sequences out of 15000+600000
 26185 words of font info for 112 fonts, out of 8000000 for 9000
 934 hyphenation exceptions out of 8191
 27i,12n,33p,1025b,539s stack positions out of 5000i,500n,10000p,500000b,80000s

Output written on paper.dvi (2 pages, 24900 bytes).
